C:\USERS\T4G1\PROJETS\ZOMBIEHEADTOPLAY\TRUNK\RELEASE\AI.OBJ
C:\Users\T4g1\Projets\ZombieHeadToPlay\trunk\Release\cl.command.1.tlog
C:\Users\T4g1\Projets\ZombieHeadToPlay\trunk\Release\CL.read.1.tlog
C:\Users\T4g1\Projets\ZombieHeadToPlay\trunk\Release\CL.write.1.tlog
C:\USERS\T4G1\PROJETS\ZOMBIEHEADTOPLAY\TRUNK\RELEASE\COMMON.OBJ
C:\USERS\T4G1\PROJETS\ZOMBIEHEADTOPLAY\TRUNK\RELEASE\CORE.OBJ
C:\USERS\T4G1\PROJETS\ZOMBIEHEADTOPLAY\TRUNK\RELEASE\DC_PROJECT_1.EXE
C:\USERS\T4G1\PROJETS\ZOMBIEHEADTOPLAY\TRUNK\RELEASE\DC_PROJECT_1.EXE.INTERMEDIATE.MANIFEST
C:\USERS\T4G1\PROJETS\ZOMBIEHEADTOPLAY\TRUNK\RELEASE\DC_PROJECT_1.PDB
C:\USERS\T4G1\PROJETS\ZOMBIEHEADTOPLAY\TRUNK\RELEASE\GAME.OBJ
C:\USERS\T4G1\PROJETS\ZOMBIEHEADTOPLAY\TRUNK\RELEASE\INPUT.OBJ
C:\Users\T4g1\Projets\ZombieHeadToPlay\trunk\Release\link.command.1.tlog
C:\Users\T4g1\Projets\ZombieHeadToPlay\trunk\Release\link.read.1.tlog
C:\Users\T4g1\Projets\ZombieHeadToPlay\trunk\Release\link.write.1.tlog
C:\USERS\T4G1\PROJETS\ZOMBIEHEADTOPLAY\TRUNK\RELEASE\LOGGER.OBJ
C:\USERS\T4G1\PROJETS\ZOMBIEHEADTOPLAY\TRUNK\RELEASE\MAIN.OBJ
C:\USERS\T4G1\PROJETS\ZOMBIEHEADTOPLAY\TRUNK\RELEASE\MODULE.OBJ
C:\Users\T4g1\Projets\ZombieHeadToPlay\trunk\Release\mt.command.1.tlog
C:\Users\T4g1\Projets\ZombieHeadToPlay\trunk\Release\mt.read.1.tlog
C:\Users\T4g1\Projets\ZombieHeadToPlay\trunk\Release\mt.write.1.tlog
C:\USERS\T4G1\PROJETS\ZOMBIEHEADTOPLAY\TRUNK\RELEASE\RENDER.OBJ
C:\USERS\T4G1\PROJETS\ZOMBIEHEADTOPLAY\TRUNK\RELEASE\VC100.PDB
