C:\USERS\T4G1\PROJETS\ZOMBIEHEADTOPLAY\TRUNK\DEBUG\AI.OBJ
C:\USERS\T4G1\PROJETS\ZOMBIEHEADTOPLAY\TRUNK\DEBUG\BASE64.OBJ
C:\Users\T4g1\Projets\ZombieHeadToPlay\trunk\Debug\cl.command.1.tlog
C:\Users\T4g1\Projets\ZombieHeadToPlay\trunk\Debug\CL.read.1.tlog
C:\Users\T4g1\Projets\ZombieHeadToPlay\trunk\Debug\CL.write.1.tlog
C:\USERS\T4G1\PROJETS\ZOMBIEHEADTOPLAY\TRUNK\DEBUG\COLOR.OBJ
C:\USERS\T4G1\PROJETS\ZOMBIEHEADTOPLAY\TRUNK\DEBUG\COMMON.OBJ
C:\USERS\T4G1\PROJETS\ZOMBIEHEADTOPLAY\TRUNK\DEBUG\CONFIGURATION.OBJ
C:\USERS\T4G1\PROJETS\ZOMBIEHEADTOPLAY\TRUNK\DEBUG\CORE.OBJ
C:\USERS\T4G1\PROJETS\ZOMBIEHEADTOPLAY\TRUNK\DEBUG\DATA.OBJ
C:\USERS\T4G1\PROJETS\ZOMBIEHEADTOPLAY\TRUNK\DEBUG\DC_PROJECT_1.EXE
C:\USERS\T4G1\PROJETS\ZOMBIEHEADTOPLAY\TRUNK\DEBUG\DC_PROJECT_1.EXE.EMBED.MANIFEST
C:\USERS\T4G1\PROJETS\ZOMBIEHEADTOPLAY\TRUNK\DEBUG\DC_PROJECT_1.EXE.EMBED.MANIFEST.RES
C:\USERS\T4G1\PROJETS\ZOMBIEHEADTOPLAY\TRUNK\DEBUG\DC_PROJECT_1.EXE.INTERMEDIATE.MANIFEST
C:\USERS\T4G1\PROJETS\ZOMBIEHEADTOPLAY\TRUNK\DEBUG\DC_PROJECT_1.ILK
C:\USERS\T4G1\PROJETS\ZOMBIEHEADTOPLAY\TRUNK\DEBUG\DC_PROJECT_1.PDB
C:\Users\T4g1\Projets\ZombieHeadToPlay\trunk\Debug\dc_project_1_manifest.rc
C:\USERS\T4G1\PROJETS\ZOMBIEHEADTOPLAY\TRUNK\DEBUG\ERRORMESSAGE.OBJ
C:\USERS\T4G1\PROJETS\ZOMBIEHEADTOPLAY\TRUNK\DEBUG\GAMEOVERSTATE.OBJ
C:\USERS\T4G1\PROJETS\ZOMBIEHEADTOPLAY\TRUNK\DEBUG\INPUT.OBJ
C:\USERS\T4G1\PROJETS\ZOMBIEHEADTOPLAY\TRUNK\DEBUG\INTROSTATE.OBJ
C:\USERS\T4G1\PROJETS\ZOMBIEHEADTOPLAY\TRUNK\DEBUG\JSMN.OBJ
C:\USERS\T4G1\PROJETS\ZOMBIEHEADTOPLAY\TRUNK\DEBUG\LEVEL.OBJ
C:\Users\T4g1\Projets\ZombieHeadToPlay\trunk\Debug\link.3288.read.1.tlog
C:\Users\T4g1\Projets\ZombieHeadToPlay\trunk\Debug\link.3288.write.1.tlog
C:\Users\T4g1\Projets\ZombieHeadToPlay\trunk\Debug\link.3288-cvtres.read.1.tlog
C:\Users\T4g1\Projets\ZombieHeadToPlay\trunk\Debug\link.3288-cvtres.write.1.tlog
C:\Users\T4g1\Projets\ZombieHeadToPlay\trunk\Debug\link.4180.read.1.tlog
C:\Users\T4g1\Projets\ZombieHeadToPlay\trunk\Debug\link.4180.write.1.tlog
C:\Users\T4g1\Projets\ZombieHeadToPlay\trunk\Debug\link.4180-cvtres.read.1.tlog
C:\Users\T4g1\Projets\ZombieHeadToPlay\trunk\Debug\link.4180-cvtres.write.1.tlog
C:\Users\T4g1\Projets\ZombieHeadToPlay\trunk\Debug\link.4580.read.1.tlog
C:\Users\T4g1\Projets\ZombieHeadToPlay\trunk\Debug\link.4580.write.1.tlog
C:\Users\T4g1\Projets\ZombieHeadToPlay\trunk\Debug\link.4580-cvtres.read.1.tlog
C:\Users\T4g1\Projets\ZombieHeadToPlay\trunk\Debug\link.4580-cvtres.write.1.tlog
C:\Users\T4g1\Projets\ZombieHeadToPlay\trunk\Debug\link.5008.read.1.tlog
C:\Users\T4g1\Projets\ZombieHeadToPlay\trunk\Debug\link.5008.write.1.tlog
C:\Users\T4g1\Projets\ZombieHeadToPlay\trunk\Debug\link.5008-cvtres.read.1.tlog
C:\Users\T4g1\Projets\ZombieHeadToPlay\trunk\Debug\link.5008-cvtres.write.1.tlog
C:\Users\T4g1\Projets\ZombieHeadToPlay\trunk\Debug\link.5324.read.1.tlog
C:\Users\T4g1\Projets\ZombieHeadToPlay\trunk\Debug\link.5324.write.1.tlog
C:\Users\T4g1\Projets\ZombieHeadToPlay\trunk\Debug\link.5324-cvtres.read.1.tlog
C:\Users\T4g1\Projets\ZombieHeadToPlay\trunk\Debug\link.5324-cvtres.write.1.tlog
C:\Users\T4g1\Projets\ZombieHeadToPlay\trunk\Debug\link.5836.read.1.tlog
C:\Users\T4g1\Projets\ZombieHeadToPlay\trunk\Debug\link.5836.write.1.tlog
C:\Users\T4g1\Projets\ZombieHeadToPlay\trunk\Debug\link.5836-cvtres.read.1.tlog
C:\Users\T4g1\Projets\ZombieHeadToPlay\trunk\Debug\link.5836-cvtres.write.1.tlog
C:\Users\T4g1\Projets\ZombieHeadToPlay\trunk\Debug\link.7112.read.1.tlog
C:\Users\T4g1\Projets\ZombieHeadToPlay\trunk\Debug\link.7112.write.1.tlog
C:\Users\T4g1\Projets\ZombieHeadToPlay\trunk\Debug\link.7112-cvtres.read.1.tlog
C:\Users\T4g1\Projets\ZombieHeadToPlay\trunk\Debug\link.7112-cvtres.write.1.tlog
C:\Users\T4g1\Projets\ZombieHeadToPlay\trunk\Debug\link.996.read.1.tlog
C:\Users\T4g1\Projets\ZombieHeadToPlay\trunk\Debug\link.996.write.1.tlog
C:\Users\T4g1\Projets\ZombieHeadToPlay\trunk\Debug\link.996-cvtres.read.1.tlog
C:\Users\T4g1\Projets\ZombieHeadToPlay\trunk\Debug\link.996-cvtres.write.1.tlog
C:\Users\T4g1\Projets\ZombieHeadToPlay\trunk\Debug\link.command.1.tlog
C:\Users\T4g1\Projets\ZombieHeadToPlay\trunk\Debug\link.read.1.tlog
C:\Users\T4g1\Projets\ZombieHeadToPlay\trunk\Debug\link.write.1.tlog
C:\Users\T4g1\Projets\ZombieHeadToPlay\trunk\Debug\link-cvtres.read.1.tlog
C:\Users\T4g1\Projets\ZombieHeadToPlay\trunk\Debug\link-cvtres.write.1.tlog
C:\USERS\T4G1\PROJETS\ZOMBIEHEADTOPLAY\TRUNK\DEBUG\LOGGER.OBJ
C:\USERS\T4G1\PROJETS\ZOMBIEHEADTOPLAY\TRUNK\DEBUG\LOGIC.OBJ
C:\USERS\T4G1\PROJETS\ZOMBIEHEADTOPLAY\TRUNK\DEBUG\MAIN.OBJ
C:\USERS\T4G1\PROJETS\ZOMBIEHEADTOPLAY\TRUNK\DEBUG\MENUSTATE.OBJ
C:\USERS\T4G1\PROJETS\ZOMBIEHEADTOPLAY\TRUNK\DEBUG\MODULE.OBJ
C:\Users\T4g1\Projets\ZombieHeadToPlay\trunk\Debug\mt.command.1.tlog
C:\Users\T4g1\Projets\ZombieHeadToPlay\trunk\Debug\mt.read.1.tlog
C:\Users\T4g1\Projets\ZombieHeadToPlay\trunk\Debug\mt.write.1.tlog
C:\USERS\T4G1\PROJETS\ZOMBIEHEADTOPLAY\TRUNK\DEBUG\PAUSESTATE.OBJ
C:\USERS\T4G1\PROJETS\ZOMBIEHEADTOPLAY\TRUNK\DEBUG\PLAYER.OBJ
C:\USERS\T4G1\PROJETS\ZOMBIEHEADTOPLAY\TRUNK\DEBUG\PLAYSTATE.OBJ
C:\Users\T4g1\Projets\ZombieHeadToPlay\trunk\Debug\rc.command.1.tlog
C:\Users\T4g1\Projets\ZombieHeadToPlay\trunk\Debug\rc.read.1.tlog
C:\Users\T4g1\Projets\ZombieHeadToPlay\trunk\Debug\rc.write.1.tlog
C:\USERS\T4G1\PROJETS\ZOMBIEHEADTOPLAY\TRUNK\DEBUG\RENDER.OBJ
C:\USERS\T4G1\PROJETS\ZOMBIEHEADTOPLAY\TRUNK\DEBUG\STATE.OBJ
C:\USERS\T4G1\PROJETS\ZOMBIEHEADTOPLAY\TRUNK\DEBUG\TILE.OBJ
C:\USERS\T4G1\PROJETS\ZOMBIEHEADTOPLAY\TRUNK\DEBUG\TILESET.OBJ
C:\USERS\T4G1\PROJETS\ZOMBIEHEADTOPLAY\TRUNK\DEBUG\TINYSTR.OBJ
C:\USERS\T4G1\PROJETS\ZOMBIEHEADTOPLAY\TRUNK\DEBUG\TINYXML.OBJ
C:\USERS\T4G1\PROJETS\ZOMBIEHEADTOPLAY\TRUNK\DEBUG\TINYXMLERROR.OBJ
C:\USERS\T4G1\PROJETS\ZOMBIEHEADTOPLAY\TRUNK\DEBUG\TINYXMLPARSER.OBJ
C:\USERS\T4G1\PROJETS\ZOMBIEHEADTOPLAY\TRUNK\DEBUG\TMXLOADER.OBJ
C:\Users\T4g1\Projets\ZombieHeadToPlay\trunk\Debug\vc100.idb
C:\USERS\T4G1\PROJETS\ZOMBIEHEADTOPLAY\TRUNK\DEBUG\VC100.PDB
